c:\ai\id3-scan-nt\audiogenie4\release\audiogenie4.pch
c:\ai\id3-scan-nt\audiogenie4\release\vc145.pdb
c:\ai\id3-scan-nt\audiogenie4\release\stdafx.obj
c:\ai\id3-scan-nt\audiogenie4\release\id3_frame.obj
c:\ai\id3-scan-nt\audiogenie4\release\id3f_encr.obj
c:\ai\id3-scan-nt\audiogenie4\release\id3f_pcnt.obj
c:\ai\id3-scan-nt\audiogenie4\release\id3f_seek.obj
c:\ai\id3-scan-nt\audiogenie4\release\id3f_w000.obj
c:\ai\id3-scan-nt\audiogenie4\release\md5tool.obj
c:\ai\id3-scan-nt\audiogenie4\release\mp4_hdlr.obj
c:\ai\id3-scan-nt\audiogenie4\release\mp4atom.obj
c:\ai\id3-scan-nt\audiogenie4\release\wavcartchunk.obj
c:\ai\id3-scan-nt\audiogenie4\release\wavformatchunk.obj
c:\ai\id3-scan-nt\audiogenie4\release\wma_header_extension.obj
c:\ai\id3-scan-nt\audiogenie4\release\apetaginfo.obj
c:\ai\id3-scan-nt\audiogenie4\release\header.obj
c:\ai\id3-scan-nt\audiogenie4\release\id3f_chapter.obj
c:\ai\id3-scan-nt\audiogenie4\release\id3f_grid.obj
c:\ai\id3-scan-nt\audiogenie4\release\id3f_priv.obj
c:\ai\id3-scan-nt\audiogenie4\release\id3f_t000.obj
c:\ai\id3-scan-nt\audiogenie4\release\id3v1taginfo.obj
c:\ai\id3-scan-nt\audiogenie4\release\mp4_atomfactory.obj
c:\ai\id3-scan-nt\audiogenie4\release\mp4_stco.obj
c:\ai\id3-scan-nt\audiogenie4\release\vorbiscomment.obj
c:\ai\id3-scan-nt\audiogenie4\release\wavfile.obj
c:\ai\id3-scan-nt\audiogenie4\release\wma_metadatalibrary.obj
c:\ai\id3-scan-nt\audiogenie4\release\flac.obj
c:\ai\id3-scan-nt\audiogenie4\release\id3f_chap.obj
c:\ai\id3-scan-nt\audiogenie4\release\id3f_comr.obj
c:\ai\id3-scan-nt\audiogenie4\release\id3f_mcdi.obj
c:\ai\id3-scan-nt\audiogenie4\release\id3f_rvrb.obj
c:\ai\id3-scan-nt\audiogenie4\release\id3f_user.obj
c:\ai\id3-scan-nt\audiogenie4\release\lyrics.obj
c:\ai\id3-scan-nt\audiogenie4\release\mp4_ftyp.obj
c:\ai\id3-scan-nt\audiogenie4\release\mpegplus.obj
c:\ai\id3-scan-nt\audiogenie4\release\wavcontainer.obj
c:\ai\id3-scan-nt\audiogenie4\release\wma_file.obj
c:\ai\id3-scan-nt\audiogenie4\release\wma_streambitrateproperties.obj
c:\ai\id3-scan-nt\audiogenie4\release\blob.obj
c:\ai\id3-scan-nt\audiogenie4\release\id3f_aenc.obj
c:\ai\id3-scan-nt\audiogenie4\release\id3f_equa.obj
c:\ai\id3-scan-nt\audiogenie4\release\id3f_popm.obj
c:\ai\id3-scan-nt\audiogenie4\release\id3f_sylt.obj
c:\ai\id3-scan-nt\audiogenie4\release\id3f_wxxx.obj
c:\ai\id3-scan-nt\audiogenie4\release\monkeytaginfo.obj
c:\ai\id3-scan-nt\audiogenie4\release\mp4_mdat.obj
c:\ai\id3-scan-nt\audiogenie4\release\tta.obj
c:\ai\id3-scan-nt\audiogenie4\release\wavdispchunk.obj
c:\ai\id3-scan-nt\audiogenie4\release\wma_fileproperties.obj
c:\ai\id3-scan-nt\audiogenie4\release\wma_streamproperties.obj
c:\ai\id3-scan-nt\audiogenie4\release\audio.obj
c:\ai\id3-scan-nt\audiogenie4\release\id3f_apic.obj
c:\ai\id3-scan-nt\audiogenie4\release\id3f_etco.obj
c:\ai\id3-scan-nt\audiogenie4\release\id3f_owne.obj
c:\ai\id3-scan-nt\audiogenie4\release\id3f_sign.obj
c:\ai\id3-scan-nt\audiogenie4\release\id3f_uslt.obj
c:\ai\id3-scan-nt\audiogenie4\release\monkey.obj
c:\ai\id3-scan-nt\audiogenie4\release\mp4_mdhd.obj
c:\ai\id3-scan-nt\audiogenie4\release\tools.obj
c:\ai\id3-scan-nt\audiogenie4\release\wavchunk.obj
c:\ai\id3-scan-nt\audiogenie4\release\wma_contentdescription.obj
c:\ai\id3-scan-nt\audiogenie4\release\wma_objectfactory.obj
c:\ai\id3-scan-nt\audiogenie4\release\aacfile.obj
c:\ai\id3-scan-nt\audiogenie4\release\id3_framefactory.obj
c:\ai\id3-scan-nt\audiogenie4\release\id3f_ctoc.obj
c:\ai\id3-scan-nt\audiogenie4\release\id3f_mllt.obj
c:\ai\id3-scan-nt\audiogenie4\release\id3f_rvad.obj
c:\ai\id3-scan-nt\audiogenie4\release\id3f_ufid.obj
c:\ai\id3-scan-nt\audiogenie4\release\md5.obj
c:\ai\id3-scan-nt\audiogenie4\release\mp4_maincontainer.obj
c:\ai\id3-scan-nt\audiogenie4\release\mpegaudio.obj
c:\ai\id3-scan-nt\audiogenie4\release\wavbextchunk.obj
c:\ai\id3-scan-nt\audiogenie4\release\wavriffcontainer.obj
c:\ai\id3-scan-nt\audiogenie4\release\wma_object.obj
c:\ai\id3-scan-nt\audiogenie4\release\apetagitem.obj
c:\ai\id3-scan-nt\audiogenie4\release\flaccover.obj
c:\ai\id3-scan-nt\audiogenie4\release\id3f_comm.obj
c:\ai\id3-scan-nt\audiogenie4\release\id3f_link.obj
c:\ai\id3-scan-nt\audiogenie4\release\id3f_rbuf.obj
c:\ai\id3-scan-nt\audiogenie4\release\id3f_txxx.obj
c:\ai\id3-scan-nt\audiogenie4\release\id3v2.obj
c:\ai\id3-scan-nt\audiogenie4\release\mp4_container.obj
c:\ai\id3-scan-nt\audiogenie4\release\oggheader.obj
c:\ai\id3-scan-nt\audiogenie4\release\vorbisheader.obj
c:\ai\id3-scan-nt\audiogenie4\release\wavpack.obj
c:\ai\id3-scan-nt\audiogenie4\release\wma_header.obj
c:\ai\id3-scan-nt\audiogenie4\release\wma_tagdata.obj
c:\ai\id3-scan-nt\audiogenie4\release\ape.obj
c:\ai\id3-scan-nt\audiogenie4\release\id3f_aspi.obj
c:\ai\id3-scan-nt\audiogenie4\release\id3f_geob.obj
c:\ai\id3-scan-nt\audiogenie4\release\id3f_poss.obj
c:\ai\id3-scan-nt\audiogenie4\release\id3f_sytc.obj
c:\ai\id3-scan-nt\audiogenie4\release\id3v1.obj
c:\ai\id3-scan-nt\audiogenie4\release\mp4.obj
c:\ai\id3-scan-nt\audiogenie4\release\mp4_soun.obj
c:\ai\id3-scan-nt\audiogenie4\release\oggvorbis.obj
c:\ai\id3-scan-nt\audiogenie4\release\wavdatachunk.obj
c:\ai\id3-scan-nt\audiogenie4\release\wma_extcontentdescription.obj
c:\ai\id3-scan-nt\audiogenie4\release\wma_padding.obj
c:\ai\id3-scan-nt\audiogenie4\release\audiogenie4.obj
c:\ai\id3-scan-nt\audiogenie4\release\dlldatax.obj
c:\ai\id3-scan-nt\audiogenie4\release\audiogenie4_i.obj
c:\ai\id3-scan-nt\audiogenie4\release\dllmain.obj
c:\ai\id3-scan-nt\audiogenie4\release\audiogenie4.dll
c:\ai\id3-scan-nt\audiogenie4\release\audiogenie4.tlb
c:\ai\id3-scan-nt\audiogenie4\audiogenie4_i.c
c:\ai\id3-scan-nt\audiogenie4\audiogenie4_h.h
c:\ai\id3-scan-nt\audiogenie4\release\audiogenie4.res
c:\ai\id3-scan-nt\audiogenie4\release\audiogenie4.lib
c:\ai\id3-scan-nt\audiogenie4\release\audiogenie4.exp
c:\ai\id3-scan-nt\audiogenie4\release\audiogenie4.iobj
c:\ai\id3-scan-nt\audiogenie4\release\audiogenie4.tlog\cl.command.1.tlog
c:\ai\id3-scan-nt\audiogenie4\release\audiogenie4.tlog\cl.items.tlog
c:\ai\id3-scan-nt\audiogenie4\release\audiogenie4.tlog\cl.read.1.tlog
c:\ai\id3-scan-nt\audiogenie4\release\audiogenie4.tlog\cl.write.1.tlog
c:\ai\id3-scan-nt\audiogenie4\release\audiogenie4.tlog\link.command.1.tlog
c:\ai\id3-scan-nt\audiogenie4\release\audiogenie4.tlog\link.read.1.tlog
c:\ai\id3-scan-nt\audiogenie4\release\audiogenie4.tlog\link.secondary.1.tlog
c:\ai\id3-scan-nt\audiogenie4\release\audiogenie4.tlog\link.write.1.tlog
c:\ai\id3-scan-nt\audiogenie4\release\audiogenie4.tlog\midl.command.1.tlog
c:\ai\id3-scan-nt\audiogenie4\release\audiogenie4.tlog\midl.read.1.tlog
c:\ai\id3-scan-nt\audiogenie4\release\audiogenie4.tlog\midl.write.1.tlog
c:\ai\id3-scan-nt\audiogenie4\release\audiogenie4.tlog\rc.command.1.tlog
c:\ai\id3-scan-nt\audiogenie4\release\audiogenie4.tlog\rc.read.1.tlog
c:\ai\id3-scan-nt\audiogenie4\release\audiogenie4.tlog\rc.write.1.tlog
